{
  "stats": {
    "suites": 1,
    "tests": 1,
    "passes": 0,
    "pending": 0,
    "failures": 1,
    "start": "2024-08-21T17:37:16.517Z",
    "end": "2024-08-21T17:39:17.123Z",
    "duration": 120606,
    "testsRegistered": 1,
    "passPercent": 0,
    "pendingPercent": 0,
    "other": 0,
    "hasOther": false,
    "skipped": 0,
    "hasSkipped": false
  },
  "results": [
    {
      "uuid": "a852df58-b3bc-40ca-a9a1-fbd251c01a11",
      "title": "",
      "fullFile": "cypress\\e2e\\second.cy.js",
      "file": "cypress\\e2e\\second.cy.js",
      "beforeHooks": [],
      "afterHooks": [],
      "tests": [],
      "suites": [
        {
          "uuid": "eca76973-22e3-4631-93ef-7a733e5b72c8",
          "title": "Swag Labs Login Tests",
          "fullFile": "",
          "file": "",
          "beforeHooks": [],
          "afterHooks": [],
          "tests": [
            {
              "title": "should login successfully with standard user credentials",
              "fullTitle": "Swag Labs Login Tests should login successfully with standard user credentials",
              "timedOut": null,
              "duration": 120505,
              "state": "failed",
              "speed": null,
              "pass": false,
              "fail": true,
              "pending": false,
              "context": null,
              "code": "cy.contains(\"Swag Labs\");\n_list.default.login();\n_list.default.addItemsandVerifyFirstItem();\n_list.default.addItemsandVerifySecondItem();\n_list.default.addItemsandVeriThirdItem();\n_list.default.verifyFirstPrice();\n_list.default.verifySecondPrice();\n_list.default.verifyThirdPrice();\n_list.default.removeThirdItem();\n_list.default.verifyThatOnlyTwoItemsInCart();",
              "err": {
                "message": "CypressError: Timed out after waiting `120000ms` for your remote page to load.\n\nYour page did not fire its `load` event within `120000ms`.\n\nYou can try increasing the `pageLoadTimeout` value in `cypress.config.js` to wait longer.\n\nBrowsers will not fire the `load` event until all stylesheets and scripts are done downloading.\n\nWhen this `load` event occurs, Cypress will continue running commands.\n\nBecause this error occurred during a `before all` hook we are skipping the remaining tests in the current suite: `Swag Labs Login Tests`",
                "estack": "CypressError: Timed out after waiting `120000ms` for your remote page to load.\n\nYour page did not fire its `load` event within `120000ms`.\n\nYou can try increasing the `pageLoadTimeout` value in `cypress.config.js` to wait longer.\n\nBrowsers will not fire the `load` event until all stylesheets and scripts are done downloading.\n\nWhen this `load` event occurs, Cypress will continue running commands.\n\nBecause this error occurred during a `before all` hook we are skipping the remaining tests in the current suite: `Swag Labs Login Tests`\n    at timedOutWaitingForPageLoad (https://www.saucedemo.com/__cypress/runner/cypress_runner.js:146876:72)\n    at <unknown> (https://www.saucedemo.com/__cypress/runner/cypress_runner.js:147850:16)\n    at tryCatcher (https://www.saucedemo.com/__cypress/runner/cypress_runner.js:18744:23)\n    at <unknown> (https://www.saucedemo.com/__cypress/runner/cypress_runner.js:13866:41)\n    at tryCatcher (https://www.saucedemo.com/__cypress/runner/cypress_runner.js:18744:23)\n    at Promise._settlePromiseFromHandler (https://www.saucedemo.com/__cypress/runner/cypress_runner.js:16679:31)\n    at Promise._settlePromise (https://www.saucedemo.com/__cypress/runner/cypress_runner.js:16736:18)\n    at Promise._settlePromise0 (https://www.saucedemo.com/__cypress/runner/cypress_runner.js:16781:10)\n    at Promise._settlePromises (https://www.saucedemo.com/__cypress/runner/cypress_runner.js:16857:18)\n    at _drainQueueStep (https://www.saucedemo.com/__cypress/runner/cypress_runner.js:13451:12)\n    at _drainQueue (https://www.saucedemo.com/__cypress/runner/cypress_runner.js:13444:9)\n    at ../../node_modules/bluebird/js/release/async.js.Async._drainQueues (https://www.saucedemo.com/__cypress/runner/cypress_runner.js:13460:5)\n    at Async.drainQueues (https://www.saucedemo.com/__cypress/runner/cypress_runner.js:13330:14)\nFrom Your Spec Code:\n    at Context.eval (webpack:///./cypress/e2e/second.cy.js:21:11)",
                "diff": null
              },
              "uuid": "22470df3-4c80-44cd-a925-4aac760cf4f4",
              "parentUUID": "eca76973-22e3-4631-93ef-7a733e5b72c8",
              "isHook": false,
              "skipped": false
            }
          ],
          "suites": [],
          "passes": [],
          "failures": [
            "22470df3-4c80-44cd-a925-4aac760cf4f4"
          ],
          "pending": [],
          "skipped": [],
          "duration": 120505,
          "root": false,
          "rootEmpty": false,
          "_timeout": 2000
        }
      ],
      "passes": [],
      "failures": [],
      "pending": [],
      "skipped": [],
      "duration": 0,
      "root": true,
      "rootEmpty": true,
      "_timeout": 2000
    }
  ],
  "meta": {
    "mocha": {
      "version": "7.0.1"
    },
    "mochawesome": {
      "options": {
        "quiet": false,
        "reportFilename": "mochawesome",
        "saveHtml": true,
        "saveJson": true,
        "consoleReporter": "spec",
        "useInlineDiffs": false,
        "code": true
      },
      "version": "7.1.3"
    },
    "marge": {
      "options": null,
      "version": "6.2.0"
    }
  }
}